v8-version,5,1,281,89,0
new,MemoryChunk,0xa8aa100000,1048576
new,CodeRange,0x3e209d00000,536870912
heap-capacity,1031680
heap-available,1500478464
new,MemoryChunk,0x3e209e00000,1048576
new,MemoryChunk,0x3e209f00000,1048576
new,MemoryChunk,0x3e20a000000,1048576
new,MemoryChunk,0x3d97cc00000,1003520
new,MemoryChunk,0x3e20a100000,1048576
new,MemoryChunk,0x39f48800000,81920
new,MemoryChunk,0x2cb83500000,1048576
markcompact,begin,0,46875,1488097607381
markcompact,end,0,46875,1488097607381
markcompact,begin,0,46875,1488097607381
markcompact,end,0,46875,1488097607381
scavenge,begin,0,46875,1488097607385
scavenge,end,0,46875,1488097607386
scavenge,begin,0,46875,1488097607386
new,MemoryChunk,0x16832800000,1048576
scavenge,end,0,46875,1488097607386
new,MemoryChunk,0x3e20a200000,1048576
check-maps-depth,1
check-maps-depth,1
check-maps-depth,2
check-maps-depth,2
check-maps-depth,3
check-maps-depth,3
check-maps-depth,3
check-maps-depth,3
check-maps-depth,3
check-maps-depth,2
check-maps-depth,2
check-maps-depth,2
check-maps-depth,2
check-maps-depth,2
check-maps-depth,1
new,MemoryChunk,0x27404b00000,1048576
check-maps-depth,2
check-maps-depth,1
check-maps-depth,1
new,MemoryChunk,0xcc18600000,1048576
check-maps-depth,1
check-maps-depth,2
check-maps-depth,4
check-maps-depth,1
check-maps-depth,1
check-maps-depth,1
check-maps-depth,1
check-maps-depth,1
check-maps-depth,1
check-maps-depth,1
check-maps-depth,2
check-maps-depth,2
check-maps-depth,2
check-maps-depth,2
check-maps-depth,2
check-maps-depth,2
check-maps-depth,2
check-maps-depth,2
check-maps-depth,1
check-maps-depth,2
check-maps-depth,2
check-maps-depth,2
check-maps-depth,1
check-maps-depth,2
check-maps-depth,1
check-maps-depth,1
check-maps-depth,2
check-maps-depth,1
check-maps-depth,1
check-maps-depth,2
check-maps-depth,2
check-maps-depth,2
check-maps-depth,2
check-maps-depth,2
check-maps-depth,2
check-maps-depth,2
check-maps-depth,3
check-maps-depth,2
check-maps-depth,1
check-maps-depth,1
check-maps-depth,2
check-maps-depth,3
new,MemoryChunk,0x6cc3b00000,1048576
new,MemoryChunk,0x35de8e00000,1048576
scavenge,begin,0,62500,1488097607408
scavenge,end,0,62500,1488097607408
check-maps-depth,3
check-maps-depth,1
check-maps-depth,1
check-maps-depth,1
check-maps-depth,1
check-maps-depth,3
check-maps-depth,3
check-maps-depth,3
check-maps-depth,3
check-maps-depth,3
check-maps-depth,3
check-maps-depth,3
check-maps-depth,3
check-maps-depth,3
check-maps-depth,3
check-maps-depth,3
check-maps-depth,3
check-maps-depth,3
check-maps-depth,3
check-maps-depth,2
check-maps-depth,2
check-maps-depth,2
check-maps-depth,1
check-maps-depth,2
check-maps-depth,1
check-maps-depth,2
check-maps-depth,3
check-maps-depth,3
check-maps-depth,3
check-maps-depth,3
check-maps-depth,3
check-maps-depth,3
check-maps-depth,2
check-maps-depth,3
check-maps-depth,2
check-maps-depth,1
check-maps-depth,4
check-maps-depth,2
check-maps-depth,2
check-maps-depth,4
check-maps-depth,2
check-maps-depth,2
check-maps-depth,4
check-maps-depth,2
check-maps-depth,3
check-maps-depth,3
check-maps-depth,3
check-maps-depth,3
check-maps-depth,2
check-maps-depth,2
check-maps-depth,3
check-maps-depth,1
check-maps-depth,2
check-maps-depth,1
check-maps-depth,4
check-maps-depth,4
check-maps-depth,2
check-maps-depth,2
check-maps-depth,2
check-maps-depth,2
check-maps-depth,2
check-maps-depth,2
check-maps-depth,2
check-maps-depth,2
check-maps-depth,2
check-maps-depth,2
check-maps-depth,2
check-maps-depth,2
check-maps-depth,2
check-maps-depth,2
check-maps-depth,2
check-maps-depth,2
scavenge,begin,0,93750,1488097607439
new,MemoryChunk,0x21d8a200000,1048576
scavenge,end,0,93750,1488097607440
check-maps-depth,1
check-maps-depth,7
check-maps-depth,7
check-maps-depth,7
check-maps-depth,7
check-maps-depth,6
check-maps-depth,2
check-maps-depth,2
check-maps-depth,2
check-maps-depth,2
check-maps-depth,2
check-maps-depth,3
check-maps-depth,3
check-maps-depth,2
check-maps-depth,1
check-maps-depth,1
check-maps-depth,2
check-maps-depth,2
check-maps-depth,2
check-maps-depth,2
check-maps-depth,2
check-maps-depth,2
check-maps-depth,2
check-maps-depth,2
check-maps-depth,2
check-maps-depth,2
check-maps-depth,2
check-maps-depth,2
check-maps-depth,2
check-maps-depth,2
check-maps-depth,2
check-maps-depth,2
check-maps-depth,2
check-maps-depth,2
check-maps-depth,2
check-maps-depth,2
check-maps-depth,2
check-maps-depth,1
scavenge,begin,0,109375,1488097607461
scavenge,end,0,109375,1488097607461
check-maps-depth,2
check-maps-depth,3
check-maps-depth,3
check-maps-depth,1
check-maps-depth,1
check-maps-depth,3
check-maps-depth,3
new,MemoryChunk,0xa2aac00000,1048576
new,MemoryChunk,0x8a84900000,1048576
new,MemoryChunk,0x26225e00000,1048576
new,MemoryChunk,0x3ad3f300000,1048576
scavenge,begin,0,125000,1488097607479
new,MemoryChunk,0x374b7f00000,1048576
scavenge,end,0,125000,1488097607480
check-maps-depth,3
check-maps-depth,3
check-maps-depth,2
check-maps-depth,1
check-maps-depth,3
check-maps-depth,1
check-maps-depth,2
check-maps-depth,3
check-maps-depth,1
check-maps-depth,1
check-maps-depth,1
check-maps-depth,1
check-maps-depth,1
check-maps-depth,1
check-maps-depth,2
check-maps-depth,1
scavenge,begin,0,156250,1488097607526
scavenge,end,0,156250,1488097607526
check-maps-depth,1
check-maps-depth,1
check-maps-depth,2
check-maps-depth,2
check-maps-depth,2
check-maps-depth,2
check-maps-depth,2
check-maps-depth,2
check-maps-depth,2
check-maps-depth,2
check-maps-depth,2
check-maps-depth,2
check-maps-depth,2
check-maps-depth,2
check-maps-depth,2
check-maps-depth,2
check-maps-depth,2
check-maps-depth,2
check-maps-depth,2
check-maps-depth,2
check-maps-depth,2
check-maps-depth,2
new,MemoryChunk,0x1ca53400000,1048576
check-maps-depth,2
check-maps-depth,2
check-maps-depth,2
check-maps-depth,2
check-maps-depth,2
check-maps-depth,2
check-maps-depth,2
check-maps-depth,2
check-maps-depth,2
check-maps-depth,2
check-maps-depth,2
check-maps-depth,2
check-maps-depth,2
check-maps-depth,2
check-maps-depth,2
check-maps-depth,2
scavenge,begin,0,171875,1488097607563
scavenge,end,0,171875,1488097607564
check-maps-depth,2
check-maps-depth,3
check-maps-depth,3
check-maps-depth,3
check-maps-depth,4
check-maps-depth,3
check-maps-depth,3
check-maps-depth,2
check-maps-depth,2
check-maps-depth,2
check-maps-depth,2
check-maps-depth,2
check-maps-depth,4
check-maps-depth,4
check-maps-depth,4
check-maps-depth,4
check-maps-depth,4
check-maps-depth,4
check-maps-depth,4
check-maps-depth,4
check-maps-depth,3
check-maps-depth,3
check-maps-depth,1
check-maps-depth,2
check-maps-depth,2
check-maps-depth,2
check-maps-depth,2
check-maps-depth,2
check-maps-depth,2
check-maps-depth,2
check-maps-depth,2
check-maps-depth,3
check-maps-depth,1
check-maps-depth,1
check-maps-depth,3
check-maps-depth,3
check-maps-depth,3
check-maps-depth,3
check-maps-depth,3
check-maps-depth,3
check-maps-depth,2
check-maps-depth,3
new,MemoryChunk,0x3e20a300000,1048576
check-maps-depth,2
check-maps-depth,2
check-maps-depth,2
check-maps-depth,2
check-maps-depth,2
check-maps-depth,2
check-maps-depth,2
check-maps-depth,2
check-maps-depth,3
new,MemoryChunk,0x311ae100000,1048576
scavenge,begin,0,187500,1488097607612
scavenge,end,0,187500,1488097607613
check-maps-depth,3
check-maps-depth,1
check-maps-depth,3
check-maps-depth,3
check-maps-depth,2
check-maps-depth,2
check-maps-depth,1
check-maps-depth,1
check-maps-depth,1
check-maps-depth,2
check-maps-depth,2
check-maps-depth,2
check-maps-depth,2
check-maps-depth,2
check-maps-depth,2
check-maps-depth,2
check-maps-depth,2
check-maps-depth,2
check-maps-depth,2
check-maps-depth,2
check-maps-depth,2
check-maps-depth,2
scavenge,begin,0,218750,1488097607652
new,MemoryChunk,0xa56b900000,1048576
scavenge,end,0,218750,1488097607653
check-maps-depth,1
check-maps-depth,1
check-maps-depth,1
check-maps-depth,1
check-maps-depth,1
check-maps-depth,1
check-maps-depth,1
check-maps-depth,3
check-maps-depth,3
check-maps-depth,3
check-maps-depth,3
check-maps-depth,3
check-maps-depth,3
check-maps-depth,3
check-maps-depth,3
check-maps-depth,3
check-maps-depth,3
check-maps-depth,3
check-maps-depth,3
check-maps-depth,3
check-maps-depth,3
check-maps-depth,3
check-maps-depth,2
check-maps-depth,2
check-maps-depth,2
check-maps-depth,2
check-maps-depth,2
check-maps-depth,2
check-maps-depth,2
check-maps-depth,2
check-maps-depth,2
check-maps-depth,2
check-maps-depth,1
check-maps-depth,2
check-maps-depth,2
check-maps-depth,2
check-maps-depth,2
check-maps-depth,2
check-maps-depth,2
check-maps-depth,2
check-maps-depth,2
check-maps-depth,2
check-maps-depth,2
check-maps-depth,2
check-maps-depth,2
check-maps-depth,3
check-maps-depth,2
check-maps-depth,2
check-maps-depth,2
check-maps-depth,8
check-maps-depth,8
check-maps-depth,8
check-maps-depth,8
check-maps-depth,8
check-maps-depth,2
check-maps-depth,2
check-maps-depth,2
check-maps-depth,3
check-maps-depth,2
check-maps-depth,3
check-maps-depth,3
check-maps-depth,3
check-maps-depth,3
check-maps-depth,3
check-maps-depth,3
check-maps-depth,3
check-maps-depth,3
check-maps-depth,3
check-maps-depth,3
check-maps-depth,3
check-maps-depth,3
check-maps-depth,3
check-maps-depth,3
check-maps-depth,3
check-maps-depth,3
check-maps-depth,3
check-maps-depth,3
check-maps-depth,3
check-maps-depth,3
check-maps-depth,3
check-maps-depth,3
check-maps-depth,3
check-maps-depth,8
check-maps-depth,8
check-maps-depth,7
check-maps-depth,8
check-maps-depth,2
check-maps-depth,3
check-maps-depth,2
check-maps-depth,3
check-maps-depth,3
check-maps-depth,3
check-maps-depth,3
check-maps-depth,3
check-maps-depth,3
check-maps-depth,3
check-maps-depth,3
check-maps-depth,3
check-maps-depth,3
check-maps-depth,3
check-maps-depth,3
check-maps-depth,3
check-maps-depth,3
check-maps-depth,3
check-maps-depth,3
check-maps-depth,3
check-maps-depth,3
check-maps-depth,3
check-maps-depth,3
check-maps-depth,3
check-maps-depth,3
check-maps-depth,3
check-maps-depth,3
check-maps-depth,3
check-maps-depth,8
check-maps-depth,8
check-maps-depth,8
check-maps-depth,7
check-maps-depth,5
check-maps-depth,2
check-maps-depth,2
check-maps-depth,2
check-maps-depth,2
check-maps-depth,8
check-maps-depth,8
check-maps-depth,8
check-maps-depth,3
check-maps-depth,3
check-maps-depth,3
check-maps-depth,3
check-maps-depth,8
check-maps-depth,8
check-maps-depth,8
check-maps-depth,8
check-maps-depth,8
check-maps-depth,2
check-maps-depth,1
check-maps-depth,2
check-maps-depth,8
check-maps-depth,8
check-maps-depth,8
check-maps-depth,8
check-maps-depth,8
check-maps-depth,2
check-maps-depth,2
check-maps-depth,2
check-maps-depth,2
check-maps-depth,2
check-maps-depth,2
check-maps-depth,2
check-maps-depth,2
check-maps-depth,2
check-maps-depth,2
check-maps-depth,2
check-maps-depth,2
check-maps-depth,2
check-maps-depth,2
check-maps-depth,2
check-maps-depth,2
check-maps-depth,2
check-maps-depth,2
check-maps-depth,4
check-maps-depth,4
check-maps-depth,4
check-maps-depth,5
check-maps-depth,4
check-maps-depth,4
check-maps-depth,1
check-maps-depth,2
check-maps-depth,2
check-maps-depth,2
check-maps-depth,2
check-maps-depth,2
check-maps-depth,2
check-maps-depth,2
check-maps-depth,2
check-maps-depth,2
check-maps-depth,2
check-maps-depth,2
check-maps-depth,2
check-maps-depth,2
check-maps-depth,2
check-maps-depth,2
check-maps-depth,2
check-maps-depth,2
check-maps-depth,2
new,MemoryChunk,0x10776e00000,1048576
new,MemoryChunk,0xa180800000,1048576
new,MemoryChunk,0x2f94ce00000,1048576
new,MemoryChunk,0xb949d00000,1048576
new,MemoryChunk,0x75ec000000,1048576
new,MemoryChunk,0x2ad03f00000,1048576
new,MemoryChunk,0x13545e00000,1048576
new,MemoryChunk,0xce25200000,1048576
scavenge,begin,0,265625,1488097607702
new,MemoryChunk,0x30712600000,1048576
scavenge,end,0,265625,1488097607702
check-maps-depth,3
check-maps-depth,1
check-maps-depth,2
check-maps-depth,2
check-maps-depth,2
check-maps-depth,2
check-maps-depth,2
check-maps-depth,1
check-maps-depth,1
check-maps-depth,1
check-maps-depth,1
check-maps-depth,1
check-maps-depth,1
check-maps-depth,2
new,MemoryChunk,0x3e775300000,1048576
new,MemoryChunk,0x1da7e300000,1048576
scavenge,begin,0,312500,1488097607795
new,MemoryChunk,0x114ed100000,1048576
scavenge,end,0,312500,1488097607796
markcompact,begin,0,312500,1488097607796
markcompact,end,0,312500,1488097607797
check-maps-depth,3
check-maps-depth,3
check-maps-depth,1
check-maps-depth,3
check-maps-depth,3
check-maps-depth,1
check-maps-depth,2
check-maps-depth,2
check-maps-depth,2
check-maps-depth,1
check-maps-depth,1
check-maps-depth,1
check-maps-depth,1
check-maps-depth,1
check-maps-depth,2
check-maps-depth,2
check-maps-depth,2
check-maps-depth,1
check-maps-depth,1
new,MemoryChunk,0x2cc35c00000,1048576
check-maps-depth,3
check-maps-depth,3
check-maps-depth,3
check-maps-depth,3
check-maps-depth,1
check-maps-depth,2
check-maps-depth,1
check-maps-depth,2
check-maps-depth,2
check-maps-depth,2
check-maps-depth,2
check-maps-depth,2
check-maps-depth,2
check-maps-depth,2
check-maps-depth,2
check-maps-depth,2
check-maps-depth,2
check-maps-depth,2
check-maps-depth,2
check-maps-depth,2
new,MemoryChunk,0x15b0c100000,704512
new,MemoryChunk,0xc6f4700000,704512
check-maps-depth,2
check-maps-depth,2
check-maps-depth,1
check-maps-depth,2
check-maps-depth,2
check-maps-depth,2
check-maps-depth,2
check-maps-depth,2
check-maps-depth,2
check-maps-depth,1
check-maps-depth,3
check-maps-depth,3
check-maps-depth,3
check-maps-depth,3
check-maps-depth,1
check-maps-depth,3
check-maps-depth,3
check-maps-depth,3
check-maps-depth,3
check-maps-depth,3
check-maps-depth,3
check-maps-depth,2
check-maps-depth,4
check-maps-depth,1
check-maps-depth,3
check-maps-depth,3
check-maps-depth,3
check-maps-depth,3
check-maps-depth,3
check-maps-depth,3
check-maps-depth,3
check-maps-depth,3
check-maps-depth,5
check-maps-depth,5
check-maps-depth,6
check-maps-depth,7
check-maps-depth,6
check-maps-depth,7
check-maps-depth,5
check-maps-depth,6
check-maps-depth,6
check-maps-depth,6
check-maps-depth,5
check-maps-depth,3
check-maps-depth,4
check-maps-depth,3
check-maps-depth,4
check-maps-depth,4
check-maps-depth,4
check-maps-depth,4
check-maps-depth,3
check-maps-depth,4
check-maps-depth,3
check-maps-depth,3
check-maps-depth,5
check-maps-depth,6
check-maps-depth,4
check-maps-depth,5
check-maps-depth,6
check-maps-depth,1
check-maps-depth,1
check-maps-depth,2
check-maps-depth,1
check-maps-depth,1
check-maps-depth,2
check-maps-depth,2
check-maps-depth,2
check-maps-depth,2
check-maps-depth,2
check-maps-depth,2
check-maps-depth,2
check-maps-depth,2
check-maps-depth,2
check-maps-depth,2
check-maps-depth,2
check-maps-depth,2
check-maps-depth,2
check-maps-depth,2
check-maps-depth,2
check-maps-depth,2
check-maps-depth,2
check-maps-depth,2
check-maps-depth,1
check-maps-depth,1
check-maps-depth,1
check-maps-depth,1
check-maps-depth,1
check-maps-depth,1
check-maps-depth,1
check-maps-depth,1
check-maps-depth,1
check-maps-depth,2
check-maps-depth,2
check-maps-depth,2
check-maps-depth,1
check-maps-depth,2
check-maps-depth,1
check-maps-depth,2
check-maps-depth,2
check-maps-depth,2
check-maps-depth,2
check-maps-depth,2
check-maps-depth,2
check-maps-depth,2
check-maps-depth,2
check-maps-depth,2
check-maps-depth,2
check-maps-depth,2
check-maps-depth,2
check-maps-depth,2
check-maps-depth,2
check-maps-depth,2
check-maps-depth,2
check-maps-depth,2
check-maps-depth,2
new,MemoryChunk,0x3e20a400000,1048576
check-maps-depth,2
check-maps-depth,2
check-maps-depth,2
check-maps-depth,2
new,MemoryChunk,0x11dd0800000,1048576
check-maps-depth,2
check-maps-depth,2
check-maps-depth,2
check-maps-depth,2
check-maps-depth,2
check-maps-depth,2
check-maps-depth,2
check-maps-depth,2
check-maps-depth,2
check-maps-depth,2
check-maps-depth,2
check-maps-depth,2
check-maps-depth,2
check-maps-depth,2
check-maps-depth,2
check-maps-depth,2
check-maps-depth,2
check-maps-depth,2
scavenge,begin,0,375000,1488097607891
scavenge,end,0,375000,1488097607892
check-maps-depth,2
check-maps-depth,2
check-maps-depth,2
check-maps-depth,2
check-maps-depth,2
check-maps-depth,3
check-maps-depth,3
check-maps-depth,2
check-maps-depth,2
check-maps-depth,2
check-maps-depth,1
check-maps-depth,1
check-maps-depth,2
check-maps-depth,3
check-maps-depth,1
check-maps-depth,3
check-maps-depth,3
scavenge,begin,0,406250,1488097607976
new,MemoryChunk,0xda7c000000,1048576
scavenge,end,0,406250,1488097607977
check-maps-depth,2
check-maps-depth,2
check-maps-depth,2
check-maps-depth,1
check-maps-depth,3
check-maps-depth,1
check-maps-depth,1
new,MemoryChunk,0x211ddc00000,1048576
check-maps-depth,1
check-maps-depth,1
check-maps-depth,2
check-maps-depth,2
check-maps-depth,2
check-maps-depth,2
check-maps-depth,2
check-maps-depth,2
check-maps-depth,2
check-maps-depth,2
check-maps-depth,2
check-maps-depth,2
check-maps-depth,2
check-maps-depth,2
check-maps-depth,2
check-maps-depth,2
check-maps-depth,2
check-maps-depth,2
check-maps-depth,2
check-maps-depth,2
check-maps-depth,2
check-maps-depth,2
check-maps-depth,2
check-maps-depth,2
check-maps-depth,2
check-maps-depth,2
check-maps-depth,2
check-maps-depth,2
check-maps-depth,2
check-maps-depth,2
check-maps-depth,2
check-maps-depth,1
check-maps-depth,1
check-maps-depth,2
check-maps-depth,2
check-maps-depth,2
check-maps-depth,2
check-maps-depth,2
check-maps-depth,2
check-maps-depth,2
check-maps-depth,2
check-maps-depth,2
check-maps-depth,2
check-maps-depth,2
check-maps-depth,2
check-maps-depth,2
check-maps-depth,2
check-maps-depth,2
check-maps-depth,2
check-maps-depth,2
check-maps-depth,2
check-maps-depth,2
check-maps-depth,2
check-maps-depth,2
check-maps-depth,2
check-maps-depth,2
check-maps-depth,2
check-maps-depth,2
check-maps-depth,2
check-maps-depth,2
check-maps-depth,3
check-maps-depth,3
check-maps-depth,2
check-maps-depth,2
check-maps-depth,2
check-maps-depth,2
check-maps-depth,2
check-maps-depth,2
check-maps-depth,2
check-maps-depth,2
check-maps-depth,2
check-maps-depth,2
check-maps-depth,2
check-maps-depth,2
check-maps-depth,2
check-maps-depth,2
check-maps-depth,2
check-maps-depth,2
check-maps-depth,2
check-maps-depth,2
check-maps-depth,2
check-maps-depth,2
check-maps-depth,2
check-maps-depth,2
check-maps-depth,2
check-maps-depth,2
check-maps-depth,2
check-maps-depth,1
scavenge,begin,0,484375,1488097608077
scavenge,end,0,484375,1488097608079
check-maps-depth,2
check-maps-depth,1
check-maps-depth,3
check-maps-depth,3
check-maps-depth,1
check-maps-depth,2
check-maps-depth,1
check-maps-depth,1
check-maps-depth,1
new,MemoryChunk,0x1bce7300000,9117696
new,MemoryChunk,0x2b24600000,9117696
new,MemoryChunk,0x65a8100000,1048576
new,MemoryChunk,0x3bab3300000,671744
new,MemoryChunk,0x3e20a500000,1048576
new,MemoryChunk,0x140ac900000,1048576
new,MemoryChunk,0x3dac2600000,1048576
check-maps-depth,1
check-maps-depth,1
check-maps-depth,1
check-maps-depth,1
check-maps-depth,3
check-maps-depth,1
check-maps-depth,1
check-maps-depth,1
check-maps-depth,1
check-maps-depth,2
check-maps-depth,2
check-maps-depth,3
check-maps-depth,3
check-maps-depth,3
new,MemoryChunk,0x10dfd00000,1048576
check-maps-depth,1
check-maps-depth,2
check-maps-depth,2
check-maps-depth,2
check-maps-depth,2
check-maps-depth,2
check-maps-depth,1
check-maps-depth,1
check-maps-depth,2
check-maps-depth,2
check-maps-depth,2
check-maps-depth,2
check-maps-depth,2
check-maps-depth,2
check-maps-depth,2
check-maps-depth,1
check-maps-depth,1
check-maps-depth,2
check-maps-depth,2
check-maps-depth,2
check-maps-depth,2
check-maps-depth,2
check-maps-depth,2
check-maps-depth,2
check-maps-depth,2
check-maps-depth,2
check-maps-depth,2
check-maps-depth,2
check-maps-depth,2
check-maps-depth,2
check-maps-depth,2
check-maps-depth,2
check-maps-depth,1
check-maps-depth,3
check-maps-depth,3
check-maps-depth,3
check-maps-depth,1
check-maps-depth,2
check-maps-depth,1
check-maps-depth,2
check-maps-depth,2
check-maps-depth,2
check-maps-depth,1
check-maps-depth,4
check-maps-depth,4
check-maps-depth,4
check-maps-depth,3
check-maps-depth,3
check-maps-depth,3
check-maps-depth,8
check-maps-depth,3
check-maps-depth,3
check-maps-depth,3
check-maps-depth,4
check-maps-depth,2
check-maps-depth,3
check-maps-depth,2
check-maps-depth,2
check-maps-depth,2
check-maps-depth,2
check-maps-depth,2
check-maps-depth,2
check-maps-depth,2
check-maps-depth,3
check-maps-depth,2
check-maps-depth,2
check-maps-depth,2
check-maps-depth,2
